# JRE version: Java(TM) SE Runtime Environment (17.0.2+8) (build 17.0.2+8-LTS-86)
# Java VM: Java HotSpot(TM) 64-Bit Server VM (17.0.2+8-LTS-86, mixed mode, sharing, tiered, compressed oops, compressed class ptrs, g1 gc, windows-amd64)
GC Precious Log:
 CPUs: 12 total, 12 available
 Memory: 7914M
 Large Page Support: Disabled
 NUMA Support: Disabled
 Compressed Oops: Enabled (32-bit)
 Heap Region Size: 1M
 Heap Min Capacity: 8M
 Heap Initial Capacity: 124M
 Heap Max Capacity: 1980M
 Pre-touch: Disabled
 Parallel Workers: 10
 Concurrent Workers: 3
 Concurrent Refinement Workers: 10
 Periodic GC: Disabled
Heap:
 garbage-first heap   total 128000K, used 84116K [0x0000000084400000, 0x0000000100000000)
  region size 1024K, 39 young (39936K), 1 survivors (1024K)
 Metaspace       used 87307K, committed 87936K, reserved 1130496K
  class space    used 11771K, committed 12096K, reserved 1048576K
GC Heap History (20 events):
Event: 754.417 GC heap before
{Heap before GC invocations=37 (full 0):
 garbage-first heap   total 128000K, used 112573K [0x0000000084400000, 0x0000000100000000)
  region size 1024K, 66 young (67584K), 1 survivors (1024K)
 Metaspace       used 87298K, committed 87936K, reserved 1130496K
  class space    used 11769K, committed 12096K, reserved 1048576K
}
Event: 754.419 GC heap after
{Heap after GC invocations=38 (full 0):
 garbage-first heap   total 128000K, used 46021K [0x0000000084400000, 0x0000000100000000)
  region size 1024K, 1 young (1024K), 1 survivors (1024K)
 Metaspace       used 87298K, committed 87936K, reserved 1130496K
  class space    used 11769K, committed 12096K, reserved 1048576K
}
Event: 756.233 GC heap before
{Heap before GC invocations=38 (full 0):
 garbage-first heap   total 128000K, used 112581K [0x0000000084400000, 0x0000000100000000)
  region size 1024K, 66 young (67584K), 1 survivors (1024K)
 Metaspace       used 87301K, committed 87936K, reserved 1130496K
  class space    used 11770K, committed 12096K, reserved 1048576K
}
Event: 756.234 GC heap after
{Heap after GC invocations=39 (full 0):
 garbage-first heap   total 128000K, used 46062K [0x0000000084400000, 0x0000000100000000)
  region size 1024K, 1 young (1024K), 1 survivors (1024K)
 Metaspace       used 87301K, committed 87936K, reserved 1130496K
  class space    used 11770K, committed 12096K, reserved 1048576K
}
Event: 758.671 GC heap before
{Heap before GC invocations=39 (full 0):
 garbage-first heap   total 128000K, used 112622K [0x0000000084400000, 0x0000000100000000)
  region size 1024K, 66 young (67584K), 1 survivors (1024K)
 Metaspace       used 87301K, committed 87936K, reserved 1130496K
  class space    used 11770K, committed 12096K, reserved 1048576K
}
Event: 758.672 GC heap after
{Heap after GC invocations=40 (full 0):
 garbage-first heap   total 128000K, used 46085K [0x0000000084400000, 0x0000000100000000)
  region size 1024K, 1 young (1024K), 1 survivors (1024K)
 Metaspace       used 87301K, committed 87936K, reserved 1130496K
  class space    used 11770K, committed 12096K, reserved 1048576K
}
Event: 761.046 GC heap before
{Heap before GC invocations=40 (full 0):
 garbage-first heap   total 128000K, used 112645K [0x0000000084400000, 0x0000000100000000)
  region size 1024K, 66 young (67584K), 1 survivors (1024K)
 Metaspace       used 87302K, committed 87936K, reserved 1130496K
  class space    used 11770K, committed 12096K, reserved 1048576K
}
Event: 761.047 GC heap after
{Heap after GC invocations=41 (full 0):
 garbage-first heap   total 128000K, used 46087K [0x0000000084400000, 0x0000000100000000)
  region size 1024K, 1 young (1024K), 1 survivors (1024K)
 Metaspace       used 87302K, committed 87936K, reserved 1130496K
  class space    used 11770K, committed 12096K, reserved 1048576K
}
Event: 763.081 GC heap before
{Heap before GC invocations=41 (full 0):
 garbage-first heap   total 128000K, used 112647K [0x0000000084400000, 0x0000000100000000)
  region size 1024K, 66 young (67584K), 1 survivors (1024K)
 Metaspace       used 87302K, committed 87936K, reserved 1130496K
  class space    used 11770K, committed 12096K, reserved 1048576K
}
Event: 763.082 GC heap after
{Heap after GC invocations=42 (full 0):
 garbage-first heap   total 128000K, used 46111K [0x0000000084400000, 0x0000000100000000)
  region size 1024K, 1 young (1024K), 1 survivors (1024K)
 Metaspace       used 87302K, committed 87936K, reserved 1130496K
  class space    used 11770K, committed 12096K, reserved 1048576K
}
Event: 765.519 GC heap before
{Heap before GC invocations=42 (full 0):
 garbage-first heap   total 128000K, used 112671K [0x0000000084400000, 0x0000000100000000)
  region size 1024K, 66 young (67584K), 1 survivors (1024K)
 Metaspace       used 87303K, committed 87936K, reserved 1130496K
  class space    used 11771K, committed 12096K, reserved 1048576K
}
Event: 765.524 GC heap after
{Heap after GC invocations=43 (full 0):
 garbage-first heap   total 128000K, used 46102K [0x0000000084400000, 0x0000000100000000)
  region size 1024K, 1 young (1024K), 1 survivors (1024K)
 Metaspace       used 87303K, committed 87936K, reserved 1130496K
  class space    used 11771K, committed 12096K, reserved 1048576K
}
Event: 767.572 GC heap before
{Heap before GC invocations=43 (full 0):
 garbage-first heap   total 128000K, used 112662K [0x0000000084400000, 0x0000000100000000)
  region size 1024K, 66 young (67584K), 1 survivors (1024K)
 Metaspace       used 87303K, committed 87936K, reserved 1130496K
  class space    used 11771K, committed 12096K, reserved 1048576K
}
Event: 767.573 GC heap after
{Heap after GC invocations=44 (full 0):
 garbage-first heap   total 128000K, used 46114K [0x0000000084400000, 0x0000000100000000)
  region size 1024K, 1 young (1024K), 1 survivors (1024K)
 Metaspace       used 87303K, committed 87936K, reserved 1130496K
  class space    used 11771K, committed 12096K, reserved 1048576K
}
Event: 769.542 GC heap before
{Heap before GC invocations=44 (full 0):
 garbage-first heap   total 128000K, used 112674K [0x0000000084400000, 0x0000000100000000)
  region size 1024K, 66 young (67584K), 1 survivors (1024K)
 Metaspace       used 87303K, committed 87936K, reserved 1130496K
  class space    used 11771K, committed 12096K, reserved 1048576K
}
Event: 769.542 GC heap after
{Heap after GC invocations=45 (full 0):
 garbage-first heap   total 128000K, used 46116K [0x0000000084400000, 0x0000000100000000)
  region size 1024K, 1 young (1024K), 1 survivors (1024K)
 Metaspace       used 87303K, committed 87936K, reserved 1130496K
  class space    used 11771K, committed 12096K, reserved 1048576K
}
Event: 771.158 GC heap before
{Heap before GC invocations=45 (full 0):
 garbage-first heap   total 128000K, used 112676K [0x0000000084400000, 0x0000000100000000)
  region size 1024K, 66 young (67584K), 1 survivors (1024K)
 Metaspace       used 87303K, committed 87936K, reserved 1130496K
  class space    used 11771K, committed 12096K, reserved 1048576K
}
Event: 771.159 GC heap after
{Heap after GC invocations=46 (full 0):
 garbage-first heap   total 128000K, used 46131K [0x0000000084400000, 0x0000000100000000)
  region size 1024K, 1 young (1024K), 1 survivors (1024K)
 Metaspace       used 87303K, committed 87936K, reserved 1130496K
  class space    used 11771K, committed 12096K, reserved 1048576K
}
Event: 772.506 GC heap before
{Heap before GC invocations=46 (full 0):
 garbage-first heap   total 128000K, used 112691K [0x0000000084400000, 0x0000000100000000)
  region size 1024K, 66 young (67584K), 1 survivors (1024K)
 Metaspace       used 87303K, committed 87936K, reserved 1130496K
  class space    used 11771K, committed 12096K, reserved 1048576K
}
Event: 772.508 GC heap after
{Heap after GC invocations=47 (full 0):
 garbage-first heap   total 128000K, used 46228K [0x0000000084400000, 0x0000000100000000)
  region size 1024K, 1 young (1024K), 1 survivors (1024K)
 Metaspace       used 87303K, committed 87936K, reserved 1130496K
  class space    used 11771K, committed 12096K, reserved 1048576K
}

